2023-03-03 10:29:49 [restartedMain] INFO  c.jewellery.JewelleryShopApplication -
				Starting JewelleryShopApplication using Java 17.0.5 with PID 21588 (C:\Users\ABAHIR\Downloads\Test\Jewellery-Shop-Application\target\classes started by abahir in C:\Users\ABAHIR\Downloads\Test\Jewellery-Shop-Application)
2023-03-03 10:29:49 [restartedMain] DEBUG c.jewellery.JewelleryShopApplication -
				Running with Spring Boot v3.0.2, Spring v6.0.4
2023-03-03 10:29:49 [restartedMain] INFO  c.jewellery.JewelleryShopApplication -
				No active profile set, falling back to 1 default profile: "default"
2023-03-03 21:39:19 [restartedMain] INFO  c.jewellery.JewelleryShopApplication -
				Starting JewelleryShopApplication using Java 17.0.5 with PID 23260 (C:\Users\ABAHIR\Downloads\Test\Jewellery-Shop-Application\target\classes started by abahir in C:\Users\ABAHIR\Downloads\Test\Jewellery-Shop-Application)
2023-03-03 21:39:19 [restartedMain] DEBUG c.jewellery.JewelleryShopApplication -
				Running with Spring Boot v3.0.2, Spring v6.0.4
2023-03-03 21:39:19 [restartedMain] INFO  c.jewellery.JewelleryShopApplication -
				No active profile set, falling back to 1 default profile: "default"
2023-03-03 21:40:45 [main] INFO  c.j.JewelleryShopApplicationTests -
				Starting JewelleryShopApplicationTests using Java 17.0.5 with PID 11884 (started by abahir in C:\Users\ABAHIR\Downloads\Test\Jewellery-Shop-Application)
2023-03-03 21:40:45 [main] DEBUG c.j.JewelleryShopApplicationTests -
				Running with Spring Boot v3.0.2, Spring v6.0.4
2023-03-03 21:40:45 [main] INFO  c.j.JewelleryShopApplicationTests -
				No active profile set, falling back to 1 default profile: "default"
2023-03-03 21:41:44 [main] INFO  c.j.JewelleryShopApplicationTests -
				Starting JewelleryShopApplicationTests using Java 17.0.5 with PID 20528 (started by abahir in C:\Users\ABAHIR\Downloads\Test\Jewellery-Shop-Application)
2023-03-03 21:41:44 [main] DEBUG c.j.JewelleryShopApplicationTests -
				Running with Spring Boot v3.0.2, Spring v6.0.4
2023-03-03 21:41:44 [main] INFO  c.j.JewelleryShopApplicationTests -
				No active profile set, falling back to 1 default profile: "default"
2023-03-03 21:46:23 [main] INFO  c.j.JewelleryShopApplicationTests -
				Starting JewelleryShopApplicationTests using Java 17.0.5 with PID 29260 (started by abahir in C:\Users\ABAHIR\Downloads\Test\Jewellery-Shop-Application)
2023-03-03 21:46:23 [main] DEBUG c.j.JewelleryShopApplicationTests -
				Running with Spring Boot v3.0.2, Spring v6.0.4
2023-03-03 21:46:23 [main] INFO  c.j.JewelleryShopApplicationTests -
				No active profile set, falling back to 1 default profile: "default"
2023-03-03 21:46:30 [main] INFO  c.j.JewelleryShopApplicationTests -
				Started JewelleryShopApplicationTests in 7.066 seconds (process running for 8.522)
2023-03-03 21:46:50 [restartedMain] INFO  c.jewellery.JewelleryShopApplication -
				Starting JewelleryShopApplication using Java 17.0.5 with PID 8456 (C:\Users\ABAHIR\Downloads\Test\Jewellery-Shop-Application\target\classes started by abahir in C:\Users\ABAHIR\Downloads\Test\Jewellery-Shop-Application)
2023-03-03 21:46:50 [restartedMain] DEBUG c.jewellery.JewelleryShopApplication -
				Running with Spring Boot v3.0.2, Spring v6.0.4
2023-03-03 21:46:50 [restartedMain] INFO  c.jewellery.JewelleryShopApplication -
				No active profile set, falling back to 1 default profile: "default"
2023-03-03 21:46:55 [restartedMain] DEBUG com.jewellery.config.JwtAuthFilter -
				Filter 'jwtAuthFilter' configured for use
2023-03-03 21:46:57 [restartedMain] INFO  c.jewellery.JewelleryShopApplication -
				Started JewelleryShopApplication in 7.811 seconds (process running for 9.237)
